e:\openstudy\streamextract\streamextract\open_media_demux\spas\debug\vc120.pdb
e:\openstudy\streamextract\streamextract\open_media_demux\spas\debug\vc120.idb
e:\openstudy\streamextract\streamextract\open_media_demux\spas\debug\qrc_sp_media_parser_qt.obj
e:\openstudy\streamextract\streamextract\open_media_demux\spas\debug\sp_media_parser_qt.obj
e:\openstudy\streamextract\streamextract\open_media_demux\spas\debug\sp_media_parser.obj
e:\openstudy\streamextract\streamextract\open_media_demux\spas\debug\main.obj
e:\openstudy\streamextract\streamextract\open_media_demux\spas\debug\moc_sp_media_parser_qt.obj
e:\openstudy\streamextract\streamextract\open_media_demux\spas\generatedfiles\debug\moc_sp_media_parser_qt.cpp
e:\openstudy\streamextract\streamextract\open_media_demux\spas\generatedfiles\qrc_sp_media_parser_qt.cpp
e:\openstudy\streamextract\streamextract\open_media_demux\spas\generatedfiles\ui_sp_media_parser_qt.h
e:\openstudy\streamextract\streamextract\open_media_demux\win32\debug\streamextract.ilk
e:\openstudy\streamextract\streamextract\open_media_demux\win32\debug\streamextract.exe
e:\openstudy\streamextract\streamextract\open_media_demux\win32\debug\streamextract.pdb
e:\openstudy\streamextract\streamextract\open_media_demux\spas\debug\spas.res
e:\openstudy\streamextract\streamextract\open_media_demux\spas\debug\streamextract.tlog\cl.command.1.tlog
e:\openstudy\streamextract\streamextract\open_media_demux\spas\debug\streamextract.tlog\cl.read.1.tlog
e:\openstudy\streamextract\streamextract\open_media_demux\spas\debug\streamextract.tlog\cl.write.1.tlog
e:\openstudy\streamextract\streamextract\open_media_demux\spas\debug\streamextract.tlog\custombuild.command.1.tlog
e:\openstudy\streamextract\streamextract\open_media_demux\spas\debug\streamextract.tlog\custombuild.read.1.tlog
e:\openstudy\streamextract\streamextract\open_media_demux\spas\debug\streamextract.tlog\custombuild.write.1.tlog
e:\openstudy\streamextract\streamextract\open_media_demux\spas\debug\streamextract.tlog\link.command.1.tlog
e:\openstudy\streamextract\streamextract\open_media_demux\spas\debug\streamextract.tlog\link.read.1.tlog
e:\openstudy\streamextract\streamextract\open_media_demux\spas\debug\streamextract.tlog\link.write.1.tlog
e:\openstudy\streamextract\streamextract\open_media_demux\spas\debug\streamextract.tlog\rc.command.1.tlog
e:\openstudy\streamextract\streamextract\open_media_demux\spas\debug\streamextract.tlog\rc.read.1.tlog
e:\openstudy\streamextract\streamextract\open_media_demux\spas\debug\streamextract.tlog\rc.write.1.tlog
